INFO 2018-03-09 09:33:53,210 basehttp 1161 140391634253568 "GET /atom_learn/report?project_id=70&component_id=AtomLearn8 HTTP/1.1" 200 311049
INFO 2018-03-09 09:35:20,340 basehttp 1240 140271318148864 "GET /atom_learn/report?project_id=70&component_id=AtomLearn8 HTTP/1.1" 200 311049
INFO 2018-03-09 09:37:35,818 basehttp 1268 140078876641024 "GET /atom_learn/report?project_id=70&component_id=AtomLearn8 HTTP/1.1" 200 311049
INFO 2018-03-09 09:39:26,489 basehttp 1316 140687945426688 "GET /atom_learn/report?project_id=70&component_id=AtomLearn8 HTTP/1.1" 200 311049
INFO 2018-03-09 09:40:58,775 basehttp 1316 140687945426688 "GET /executor/current_exec?timeStamp=1520559669993&project_id=69 HTTP/1.1" 200 495
INFO 2018-03-09 09:40:58,781 basehttp 1316 140687933626112 "POST /xml/load?timeStamp=1520559669993 HTTP/1.1" 200 1261
INFO 2018-03-09 09:41:02,368 basehttp 1316 140687933626112 "GET /executor/current_exec?timeStamp=1520559673596&project_id=68 HTTP/1.1" 200 14516
INFO 2018-03-09 09:41:02,378 basehttp 1316 140687945426688 "POST /xml/load?timeStamp=1520559673596 HTTP/1.1" 200 5676
INFO 2018-03-09 09:41:08,505 basehttp 1316 140687933626112 "GET /executor/current_exec?timeStamp=1520559679737&project_id=66 HTTP/1.1" 200 13579
INFO 2018-03-09 09:41:08,521 basehttp 1316 140687945426688 "POST /xml/load?timeStamp=1520559679737 HTTP/1.1" 200 2130
INFO 2018-03-09 10:22:45,161 basehttp 1316 140687912646400 "GET /atom_learn/report?project_id=70&component_id=AtomLearn8 HTTP/1.1" 200 311049
INFO 2018-03-09 10:22:59,965 basehttp 1316 140687945426688 "GET /atom_learn/report?project_id=70&component_id=AtomLearn8 HTTP/1.1" 200 311049
INFO 2018-03-09 12:50:27,666 basehttp 1316 140687923136256 "GET /executor/current_exec?timeStamp=1520571039042&project_id=69 HTTP/1.1" 200 495
INFO 2018-03-09 12:50:27,682 basehttp 1316 140687945426688 "POST /xml/load?timeStamp=1520571039042 HTTP/1.1" 200 1261
INFO 2018-03-09 12:50:31,071 basehttp 1316 140687923136256 "GET /executor/current_exec?timeStamp=1520571042438&project_id=68 HTTP/1.1" 200 14516
INFO 2018-03-09 12:50:31,077 basehttp 1316 140687945426688 "POST /xml/load?timeStamp=1520571042438 HTTP/1.1" 200 5676
INFO 2018-03-09 12:50:34,530 basehttp 1316 140687923136256 "GET /executor/current_exec?timeStamp=1520571045954&project_id=66 HTTP/1.1" 200 13579
INFO 2018-03-09 12:50:34,530 basehttp 1316 140687945426688 "POST /xml/load?timeStamp=1520571045954 HTTP/1.1" 200 2130
INFO 2018-03-09 12:50:47,190 basehttp 1316 140687923136256 "POST /xml/load?timeStamp=1520571058607 HTTP/1.1" 200 2130
INFO 2018-03-09 12:50:47,201 basehttp 1316 140687945426688 "GET /executor/current_exec?timeStamp=1520571058607&project_id=66 HTTP/1.1" 200 13579
INFO 2018-03-09 14:40:38,988 basehttp 1316 140687945426688 "POST /executor/execute?timeStamp=1520558985027 HTTP/1.1" 200 21
INFO 2018-03-09 14:40:39,019 basehttp 1316 140687945426688 "GET /executor/status?project_id=70&task_id=70_12 HTTP/1.1" 200 313
INFO 2018-03-09 14:40:49,625 basehttp 1316 140687945426688 "GET /executor/status?project_id=70&task_id=70_12 HTTP/1.1" 200 337
INFO 2018-03-09 14:40:59,639 basehttp 1316 140687945426688 "GET /executor/status?project_id=70&task_id=70_12 HTTP/1.1" 200 337
INFO 2018-03-09 14:41:09,640 basehttp 1316 140687945426688 "GET /executor/status?project_id=70&task_id=70_12 HTTP/1.1" 200 337
INFO 2018-03-09 14:41:19,629 basehttp 1316 140687945426688 "GET /executor/status?project_id=70&task_id=70_12 HTTP/1.1" 200 337
INFO 2018-03-09 14:41:29,631 basehttp 1316 140687945426688 "GET /executor/status?project_id=70&task_id=70_12 HTTP/1.1" 200 418
INFO 2018-03-09 14:41:39,630 basehttp 1316 140687945426688 "GET /executor/status?project_id=70&task_id=70_12 HTTP/1.1" 200 418
INFO 2018-03-09 14:41:49,630 basehttp 1316 140687945426688 "GET /executor/status?project_id=70&task_id=70_12 HTTP/1.1" 200 416
INFO 2018-03-09 14:41:59,630 basehttp 1316 140687945426688 "GET /executor/status?project_id=70&task_id=70_12 HTTP/1.1" 200 446
INFO 2018-03-09 14:42:09,627 basehttp 1316 140687945426688 "GET /executor/status?project_id=70&task_id=70_12 HTTP/1.1" 200 566
INFO 2018-03-09 14:42:19,631 basehttp 1316 140687945426688 "GET /executor/status?project_id=70&task_id=70_12 HTTP/1.1" 200 731
INFO 2018-03-09 14:42:29,627 basehttp 1316 140687945426688 "GET /executor/status?project_id=70&task_id=70_12 HTTP/1.1" 200 868
INFO 2018-03-09 14:42:39,632 basehttp 1316 140687945426688 "GET /executor/status?project_id=70&task_id=70_12 HTTP/1.1" 200 868
INFO 2018-03-09 14:42:49,628 basehttp 1316 140687945426688 "GET /executor/status?project_id=70&task_id=70_12 HTTP/1.1" 200 868
INFO 2018-03-09 14:42:59,628 basehttp 1316 140687945426688 "GET /executor/status?project_id=70&task_id=70_12 HTTP/1.1" 200 868
INFO 2018-03-09 14:43:09,632 basehttp 1316 140687945426688 "GET /executor/status?project_id=70&task_id=70_12 HTTP/1.1" 200 868
INFO 2018-03-09 14:43:19,632 basehttp 1316 140687945426688 "GET /executor/status?project_id=70&task_id=70_12 HTTP/1.1" 200 868
INFO 2018-03-09 14:43:29,628 basehttp 1316 140687945426688 "GET /executor/status?project_id=70&task_id=70_12 HTTP/1.1" 200 868
INFO 2018-03-09 14:43:39,628 basehttp 1316 140687945426688 "GET /executor/status?project_id=70&task_id=70_12 HTTP/1.1" 200 868
INFO 2018-03-09 14:43:49,634 basehttp 1316 140687945426688 "GET /executor/status?project_id=70&task_id=70_12 HTTP/1.1" 200 868
INFO 2018-03-09 14:43:59,633 basehttp 1316 140687945426688 "GET /executor/status?project_id=70&task_id=70_12 HTTP/1.1" 200 868
INFO 2018-03-09 14:44:09,633 basehttp 1316 140687945426688 "GET /executor/status?project_id=70&task_id=70_12 HTTP/1.1" 200 868
INFO 2018-03-09 14:44:19,633 basehttp 1316 140687945426688 "GET /executor/status?project_id=70&task_id=70_12 HTTP/1.1" 200 868
INFO 2018-03-09 14:44:29,633 basehttp 1316 140687945426688 "GET /executor/status?project_id=70&task_id=70_12 HTTP/1.1" 200 868
INFO 2018-03-09 14:44:39,633 basehttp 1316 140687945426688 "GET /executor/status?project_id=70&task_id=70_12 HTTP/1.1" 200 868
INFO 2018-03-09 14:44:49,633 basehttp 1316 140687945426688 "GET /executor/status?project_id=70&task_id=70_12 HTTP/1.1" 200 868
INFO 2018-03-09 14:44:59,634 basehttp 1316 140687945426688 "GET /executor/status?project_id=70&task_id=70_12 HTTP/1.1" 200 868
INFO 2018-03-09 14:45:09,720 basehttp 1316 140687945426688 "GET /executor/status?project_id=70&task_id=70_12 HTTP/1.1" 200 919
INFO 2018-03-09 14:52:37,757 basehttp 1316 140687945426688 "POST /executor/execute?timeStamp=1520558985027 HTTP/1.1" 200 21
INFO 2018-03-09 14:52:37,777 basehttp 1316 140687945426688 "GET /executor/status?project_id=70&task_id=70_13 HTTP/1.1" 200 313
INFO 2018-03-09 14:52:48,651 basehttp 1316 140687945426688 "GET /executor/status?project_id=70&task_id=70_13 HTTP/1.1" 200 337
INFO 2018-03-09 14:52:58,648 basehttp 1316 140687945426688 "GET /executor/status?project_id=70&task_id=70_13 HTTP/1.1" 200 337
INFO 2018-03-09 14:53:08,652 basehttp 1316 140687945426688 "GET /executor/status?project_id=70&task_id=70_13 HTTP/1.1" 200 337
INFO 2018-03-09 14:53:18,642 basehttp 1316 140687945426688 "GET /executor/status?project_id=70&task_id=70_13 HTTP/1.1" 200 418
INFO 2018-03-09 14:53:28,638 basehttp 1316 140687945426688 "GET /executor/status?project_id=70&task_id=70_13 HTTP/1.1" 200 418
INFO 2018-03-09 14:53:38,638 basehttp 1316 140687945426688 "GET /executor/status?project_id=70&task_id=70_13 HTTP/1.1" 200 418
INFO 2018-03-09 14:53:48,637 basehttp 1316 140687945426688 "GET /executor/status?project_id=70&task_id=70_13 HTTP/1.1" 200 416
INFO 2018-03-09 14:53:58,642 basehttp 1316 140687945426688 "GET /executor/status?project_id=70&task_id=70_13 HTTP/1.1" 200 446
INFO 2018-03-09 14:54:08,642 basehttp 1316 140687945426688 "GET /executor/status?project_id=70&task_id=70_13 HTTP/1.1" 200 566
INFO 2018-03-09 14:54:18,638 basehttp 1316 140687945426688 "GET /executor/status?project_id=70&task_id=70_13 HTTP/1.1" 200 731
INFO 2018-03-09 14:54:28,643 basehttp 1316 140687945426688 "GET /executor/status?project_id=70&task_id=70_13 HTTP/1.1" 200 868
INFO 2018-03-09 14:54:38,643 basehttp 1316 140687945426688 "GET /executor/status?project_id=70&task_id=70_13 HTTP/1.1" 200 868
INFO 2018-03-09 14:54:48,638 basehttp 1316 140687945426688 "GET /executor/status?project_id=70&task_id=70_13 HTTP/1.1" 200 868
INFO 2018-03-09 14:54:58,638 basehttp 1316 140687945426688 "GET /executor/status?project_id=70&task_id=70_13 HTTP/1.1" 200 868
INFO 2018-03-09 14:55:08,643 basehttp 1316 140687945426688 "GET /executor/status?project_id=70&task_id=70_13 HTTP/1.1" 200 868
INFO 2018-03-09 14:55:18,643 basehttp 1316 140687945426688 "GET /executor/status?project_id=70&task_id=70_13 HTTP/1.1" 200 868
INFO 2018-03-09 14:55:28,644 basehttp 1316 140687945426688 "GET /executor/status?project_id=70&task_id=70_13 HTTP/1.1" 200 868
INFO 2018-03-09 14:55:38,645 basehttp 1316 140687945426688 "GET /executor/status?project_id=70&task_id=70_13 HTTP/1.1" 200 868
INFO 2018-03-09 14:55:48,644 basehttp 1316 140687945426688 "GET /executor/status?project_id=70&task_id=70_13 HTTP/1.1" 200 868
INFO 2018-03-09 14:55:58,644 basehttp 1316 140687945426688 "GET /executor/status?project_id=70&task_id=70_13 HTTP/1.1" 200 868
INFO 2018-03-09 14:56:08,644 basehttp 1316 140687945426688 "GET /executor/status?project_id=70&task_id=70_13 HTTP/1.1" 200 868
INFO 2018-03-09 14:56:18,644 basehttp 1316 140687945426688 "GET /executor/status?project_id=70&task_id=70_13 HTTP/1.1" 200 868
INFO 2018-03-09 14:56:28,644 basehttp 1316 140687945426688 "GET /executor/status?project_id=70&task_id=70_13 HTTP/1.1" 200 868
INFO 2018-03-09 14:56:38,645 basehttp 1316 140687945426688 "GET /executor/status?project_id=70&task_id=70_13 HTTP/1.1" 200 868
INFO 2018-03-09 14:56:48,645 basehttp 1316 140687945426688 "GET /executor/status?project_id=70&task_id=70_13 HTTP/1.1" 200 868
INFO 2018-03-09 14:56:58,645 basehttp 1316 140687945426688 "GET /executor/status?project_id=70&task_id=70_13 HTTP/1.1" 200 868
INFO 2018-03-09 14:57:08,644 basehttp 1316 140687945426688 "GET /executor/status?project_id=70&task_id=70_13 HTTP/1.1" 200 868
INFO 2018-03-09 14:57:18,730 basehttp 1316 140687945426688 "GET /executor/status?project_id=70&task_id=70_13 HTTP/1.1" 200 919
INFO 2018-03-09 14:58:08,288 basehttp 1316 140687945426688 "GET /robotx_spark/view_table?project_id=70&component_id=RobotXSpark5 HTTP/1.1" 200 68353
