INFO 2018-03-20 10:16:08,864 monitor 20747 140496188593920 Press Ctrl+C to exit
INFO 2018-03-20 16:36:05,458 monitor 8767 140182923454208 Press Ctrl+C to exit
INFO 2018-03-20 16:37:15,583 TaskDetect 8767 140182378489600 72-RobotXSpark2-72_2 submitted to task queue
INFO 2018-03-20 16:39:50,548 TaskDetect 8767 140182514898688 72-AtomLearn3-72_3 submitted to task queue
INFO 2018-03-20 16:43:30,548 TaskDetect 8767 140182430938880 75-RobotXSpark3-75_0 submitted to task queue
INFO 2018-03-20 16:43:55,534 TaskDetect 8767 140182378489600 75-RobotXSpark3-75_1 submitted to task queue
INFO 2018-03-20 16:46:45,551 TaskDetect 8767 140182399469312 75-RobotXSpark3-75_2 submitted to task queue
INFO 2018-03-20 16:52:40,539 TaskDetect 8767 140182430938880 75-RobotXSpark3-75_0 submitted to task queue
INFO 2018-03-20 16:55:15,533 TaskDetect 8767 140182007305984 75-AtomLearn4-75_0 submitted to task queue
INFO 2018-03-20 17:25:30,535 TaskDetect 8767 140182409959168 75-RobotXSpark4-75_1 submitted to task queue
INFO 2018-03-20 17:37:50,547 TaskDetect 8767 140182420449024 75-RobotXSpark4-75_2 submitted to task queue
INFO 2018-03-20 17:40:10,536 TaskDetect 8767 140182430938880 75-FeatureCombine6-75_2 submitted to task queue
INFO 2018-03-20 17:42:30,542 TaskDetect 8767 140182017795840 75-AtomLearn7-75_2 submitted to task queue
INFO 2018-03-20 17:50:50,529 TaskDetect 8767 140182017795840 76-RobotXSpark4-76_0 submitted to task queue
INFO 2018-03-20 17:54:20,571 TaskDetect 8767 140182430938880 76-RobotXSpark4-76_1 submitted to task queue
INFO 2018-03-20 17:59:20,543 TaskDetect 8767 140182430938880 76-FeatureCombine6-76_2 submitted to task queue
INFO 2018-03-20 18:00:40,593 TaskDetect 8767 140182514898688 77-AtomLearn1-77_0 submitted to task queue
INFO 2018-03-20 18:02:45,537 TaskDetect 8767 140182007305984 75-RobotXSpark4-75_3 submitted to task queue
INFO 2018-03-20 18:04:00,532 TaskDetect 8767 140182514898688 77-AtomAct2-77_0 submitted to task queue
INFO 2018-03-20 18:05:10,541 TaskDetect 8767 140182430938880 76-AtomLearn7-76_3 submitted to task queue
INFO 2018-03-20 18:05:55,540 TaskDetect 8767 140182399469312 77-AtomTest3-77_0 submitted to task queue
INFO 2018-03-20 18:10:30,578 TaskDetect 8767 140182409959168 76-AtomAct8-76_4 submitted to task queue
INFO 2018-03-20 18:12:10,587 TaskDetect 8767 140182409959168 78-RobotXSpark5-78_0 submitted to task queue
INFO 2018-03-20 18:12:30,539 TaskDetect 8767 140182017795840 76-AtomTest9-76_4 submitted to task queue
INFO 2018-03-20 18:12:30,625 TaskDetect 8767 140182017795840 78-RobotXSpark5-78_1 submitted to task queue
INFO 2018-03-20 18:13:25,529 TaskDetect 8767 140182399469312 78-RobotXSpark5-78_2 submitted to task queue
INFO 2018-03-20 18:15:05,539 TaskDetect 8767 140182399469312 79-RobotXSpark2-79_0 submitted to task queue
INFO 2018-03-20 18:19:30,548 TaskDetect 8767 140182420449024 79-AtomLearn4-79_1 submitted to task queue
INFO 2018-03-20 18:24:20,532 TaskDetect 8767 140182430938880 79-RobotXSpark2-79_2 submitted to task queue
INFO 2018-03-20 18:24:40,526 TaskDetect 8767 140182409959168 78-RobotXSpark5-78_3 submitted to task queue
INFO 2018-03-20 18:24:46,137 TaskDetect 8767 140182378489600 75-RobotXSpark4-75_4 submitted to task queue
INFO 2018-03-20 18:31:55,535 TaskDetect 8767 140182007305984 80-RobotXSpark4-80_0 submitted to task queue
INFO 2018-03-20 18:32:15,529 TaskDetect 8767 140182378489600 78-RobotXSpark5-78_4 submitted to task queue
INFO 2018-03-20 18:37:20,534 TaskDetect 8767 140182514898688 80-RobotXSpark4-80_1 submitted to task queue
INFO 2018-03-20 18:38:50,543 TaskDetect 8767 140182409959168 81-RobotXSpark2-81_0 submitted to task queue
INFO 2018-03-20 19:14:30,531 TaskDetect 8767 140182420449024 83-RobotXSpark5-83_0 submitted to task queue
INFO 2018-03-20 19:15:55,546 TaskDetect 8767 140182399469312 84-AtomLearn1-84_0 submitted to task queue
INFO 2018-03-20 19:17:50,542 TaskDetect 8767 140182420449024 83-FeatureCombine8-83_1 submitted to task queue
INFO 2018-03-20 19:19:30,534 TaskDetect 8767 140182420449024 85-RobotXSpark4-85_0 submitted to task queue
INFO 2018-03-20 19:20:15,525 TaskDetect 8767 140182007305984 83-AtomLearn6-83_1 submitted to task queue
INFO 2018-03-20 19:23:40,541 TaskDetect 8767 140182420449024 86-RobotXSpark2-86_0 submitted to task queue
INFO 2018-03-21 08:59:30,574 TaskDetect 8767 140182420449024 83-RobotXSpark5-83_2 submitted to task queue
INFO 2018-03-21 09:02:30,540 TaskDetect 8767 140182017795840 83-FeatureCombine8-83_3 submitted to task queue
INFO 2018-03-21 09:10:35,534 TaskDetect 8767 140182378489600 83-AtomLearn6-83_4 submitted to task queue
INFO 2018-03-21 09:20:40,547 TaskDetect 8767 140182514898688 87-RobotXSpark2-87_0 submitted to task queue
INFO 2018-03-21 09:23:15,539 TaskDetect 8767 140182028285696 87-FeatureCombine4-87_0 submitted to task queue
INFO 2018-03-21 09:25:30,537 TaskDetect 8767 140182409959168 87-AtomLearn5-87_0 submitted to task queue
INFO 2018-03-21 09:29:05,526 TaskDetect 8767 140182028285696 87-AtomAct6-87_0 submitted to task queue
INFO 2018-03-21 09:31:15,718 TaskDetect 8767 140182388979456 87-AtomTest7-87_0 submitted to task queue
INFO 2018-03-21 13:40:10,546 TaskDetect 8767 140182430938880 83-RobotXSpark5-83_5 submitted to task queue
INFO 2018-03-21 13:44:25,601 TaskDetect 8767 140182007305984 83-AtomLearn6-83_6 submitted to task queue
INFO 2018-03-21 16:10:55,601 TaskDetect 8767 140182399469312 87-RobotXSpark2-87_1 submitted to task queue
INFO 2018-03-21 16:16:10,558 TaskDetect 8767 140182420449024 87-FeatureCombine4-87_2 submitted to task queue
INFO 2018-03-26 09:28:40,542 TaskDetect 8767 140182420449024 88-RobotXSpark2-88_0 submitted to task queue
INFO 2018-03-26 09:33:55,533 TaskDetect 8767 140182378489600 88-RobotXSpark2-88_1 submitted to task queue
INFO 2018-03-26 09:59:45,545 TaskDetect 8767 140182378489600 89-RobotXSpark6-89_0 submitted to task queue
INFO 2018-03-26 10:02:30,546 TaskDetect 8767 140182017795840 89-FeatureCombine8-89_1 submitted to task queue
