INFO 2018-01-11 16:58:02,052 monitor 6489 140597227054848 Press Ctrl+C to exit
INFO 2018-01-11 18:57:57,274 TaskDetect 6489 140596789409536 3-AtomLearn24-3_66 submitted to task queue
INFO 2018-01-11 19:00:02,248 TaskDetect 6489 140596425520896 3-AtomAct25-3_66 submitted to task queue
INFO 2018-01-11 19:01:42,238 TaskDetect 6489 140596425520896 3-AtomTest26-3_66 submitted to task queue
INFO 2018-01-11 19:32:52,248 TaskDetect 6489 140596404541184 3-AtomLearn27-3_67 submitted to task queue
INFO 2018-01-11 19:35:17,246 TaskDetect 6489 140596820879104 3-AtomAct28-3_67 submitted to task queue
INFO 2018-01-11 19:37:12,246 TaskDetect 6489 140596394051328 3-AtomTest29-3_67 submitted to task queue
INFO 2018-01-11 19:41:57,250 TaskDetect 6489 140596820879104 3-AtomLearn30-3_68 submitted to task queue
INFO 2018-01-11 19:44:02,231 TaskDetect 6489 140596778919680 3-AtomAct31-3_68 submitted to task queue
INFO 2018-01-11 19:45:47,237 TaskDetect 6489 140596833584896 3-AtomTest32-3_68 submitted to task queue
INFO 2018-01-11 21:56:17,286 TaskDetect 6489 140596789409536 16-RobotXSpark2-16_4 submitted to task queue
INFO 2018-01-11 22:03:22,237 TaskDetect 6489 140596425520896 3-AtomLearn33-3_69 submitted to task queue
INFO 2018-01-11 22:05:37,234 TaskDetect 6489 140596810389248 3-AtomAct34-3_69 submitted to task queue
INFO 2018-01-11 22:07:22,249 TaskDetect 6489 140596778919680 3-AtomTest35-3_69 submitted to task queue
INFO 2018-01-11 22:18:32,378 TaskDetect 6489 140596799899392 3-AtomLearn18-3_70 submitted to task queue
INFO 2018-01-12 00:01:47,386 TaskDetect 6489 140596415031040 8-AtomLearn5-8_10 submitted to task queue
INFO 2018-01-12 00:14:57,235 TaskDetect 6489 140596833584896 7-AtomLearn34-7_18 submitted to task queue
INFO 2018-01-12 00:15:22,288 TaskDetect 6489 140596404541184 8-AtomLearn5-8_11 submitted to task queue
INFO 2018-01-12 01:15:27,239 TaskDetect 6489 140596789409536 7-AtomLearn34-7_19 submitted to task queue
INFO 2018-01-12 18:29:42,282 TaskDetect 6489 140596394051328 3-AtomLearn18-3_71 submitted to task queue
INFO 2018-01-15 19:58:52,244 TaskDetect 6489 140596394051328 3-AtomLearn18-3_72 submitted to task queue
INFO 2018-01-15 21:38:52,237 TaskDetect 6489 140596394051328 3-AtomLearn18-3_73 submitted to task queue
INFO 2018-01-15 22:08:02,286 TaskDetect 6489 140596394051328 17-RobotXSpark1-17_0 submitted to task queue
INFO 2018-01-16 01:22:27,242 TaskDetect 6489 140596833584896 17-RobotXSpark1-17_1 submitted to task queue
INFO 2018-01-17 01:10:57,236 TaskDetect 6489 140596415031040 25-RobotXSpark5-25_0 submitted to task queue
INFO 2018-01-17 01:59:37,248 TaskDetect 6489 140596789409536 14-RobotXSpark9-14_1 submitted to task queue
INFO 2018-01-17 17:24:27,246 TaskDetect 6489 140596820879104 3-AtomLearn18-3_74 submitted to task queue
INFO 2018-01-17 17:26:12,233 TaskDetect 6489 140596404541184 8-RobotXSpark3-8_12 submitted to task queue
INFO 2018-01-17 19:37:07,360 TaskDetect 6489 140596789409536 8-FeatureCombine4-8_13 submitted to task queue
INFO 2018-01-17 19:50:17,236 TaskDetect 6489 140596820879104 25-RobotXSpark5-25_1 submitted to task queue
INFO 2018-01-17 19:56:07,248 TaskDetect 6489 140596820879104 25-RobotXSpark5-25_2 submitted to task queue
INFO 2018-01-17 19:58:07,242 TaskDetect 6489 140596810389248 25-RobotXSpark5-25_3 submitted to task queue
INFO 2018-01-17 21:47:22,297 TaskDetect 6489 140596778919680 8-AtomLearn5-8_14 submitted to task queue
INFO 2018-01-17 21:50:37,245 TaskDetect 6489 140596810389248 25-RobotXSpark5-25_4 submitted to task queue
INFO 2018-01-17 22:10:27,245 TaskDetect 6489 140596789409536 8-RobotXSpark3-8_15 submitted to task queue
INFO 2018-01-17 22:12:22,277 TaskDetect 6489 140596778919680 25-FeatureCombine15-25_5 submitted to task queue
INFO 2018-01-17 22:32:42,242 TaskDetect 6489 140596799899392 8-RobotXSpark3-8_16 submitted to task queue
INFO 2018-01-17 23:00:22,241 TaskDetect 6489 140596404541184 3-AtomLearn18-3_75 submitted to task queue
INFO 2018-01-17 23:15:17,239 TaskDetect 6489 140596820879104 25-AtomLearn16-25_6 submitted to task queue
INFO 2018-01-17 23:23:37,278 TaskDetect 6489 140596820879104 8-FeatureCombine4-8_17 submitted to task queue
INFO 2018-01-17 23:26:52,245 TaskDetect 6489 140596799899392 3-AtomLearn18-3_76 submitted to task queue
INFO 2018-01-17 23:30:52,230 TaskDetect 6489 140596425520896 25-AtomLearn16-25_7 submitted to task queue
INFO 2018-01-17 23:42:22,245 TaskDetect 6489 140596778919680 25-AtomLearn16-25_8 submitted to task queue
INFO 2018-01-18 00:24:32,242 TaskDetect 6489 140596404541184 25-AtomLearn17-25_9 submitted to task queue
INFO 2018-01-18 00:30:12,254 TaskDetect 6489 140596799899392 8-AtomLearn5-8_18 submitted to task queue
INFO 2018-01-18 01:23:22,241 TaskDetect 6489 140596425520896 8-AtomLearn5-8_19 submitted to task queue
INFO 2018-01-18 01:38:12,245 TaskDetect 6489 140596778919680 25-AtomLearn16-25_10 submitted to task queue
INFO 2018-01-18 01:53:57,231 TaskDetect 6489 140596810389248 25-AtomLearn16-25_11 submitted to task queue
INFO 2018-01-18 02:13:02,283 TaskDetect 6489 140596394051328 25-AtomAct18-25_12 submitted to task queue
INFO 2018-01-18 02:24:17,294 TaskDetect 6489 140596415031040 25-AtomTest19-25_13 submitted to task queue
INFO 2018-01-18 02:40:22,241 TaskDetect 6489 140596404541184 3-AtomAct19-3_77 submitted to task queue
INFO 2018-01-18 02:42:02,246 TaskDetect 6489 140596404541184 3-AtomTest20-3_77 submitted to task queue
INFO 2018-01-18 18:21:27,244 TaskDetect 6489 140596810389248 8-AtomLearn5-8_20 submitted to task queue
INFO 2018-01-18 18:32:47,248 TaskDetect 6489 140596820879104 8-AtomAct31-8_21 submitted to task queue
INFO 2018-01-18 18:34:47,247 TaskDetect 6489 140596810389248 3-FeatureCombine4-3_78 submitted to task queue
INFO 2018-01-18 18:39:42,243 TaskDetect 6489 140596394051328 8-AtomTest32-8_21 submitted to task queue
INFO 2018-01-19 02:25:32,244 TaskDetect 6489 140596394051328 17-FeatureCombine8-17_2 submitted to task queue
INFO 2018-01-19 02:28:22,239 TaskDetect 6489 140596425520896 17-FeatureCombine8-17_3 submitted to task queue
INFO 2018-01-19 02:30:27,310 TaskDetect 6489 140596789409536 17-FeatureCombine8-17_4 submitted to task queue
INFO 2018-01-19 02:35:37,245 TaskDetect 6489 140596810389248 17-FeatureCombine8-17_5 submitted to task queue
INFO 2018-01-19 03:31:07,244 TaskDetect 6489 140596820879104 53-RobotXSpark7-53_0 submitted to task queue
INFO 2018-01-19 03:31:37,230 TaskDetect 6489 140596833584896 50-RobotXSpark3-50_0 submitted to task queue
INFO 2018-01-19 03:31:47,241 TaskDetect 6489 140596415031040 49-RobotXSpark4-49_0 submitted to task queue
INFO 2018-01-19 03:31:57,235 TaskDetect 6489 140596820879104 48-RobotXSpark3-48_0 submitted to task queue
INFO 2018-01-19 03:32:07,322 TaskDetect 6489 140596789409536 47-RobotXSpark3-47_0 submitted to task queue
INFO 2018-01-19 03:32:17,300 TaskDetect 6489 140596810389248 46-RobotXSpark3-46_0 submitted to task queue
INFO 2018-01-19 03:32:27,281 TaskDetect 6489 140596833584896 45-RobotXSpark3-45_0 submitted to task queue
INFO 2018-01-19 03:32:42,282 TaskDetect 6489 140596799899392 44-RobotXSpark3-44_1 submitted to task queue
INFO 2018-01-19 03:32:47,358 TaskDetect 6489 140596820879104 43-RobotXSpark4-43_0 submitted to task queue
INFO 2018-01-19 03:32:57,336 TaskDetect 6489 140596789409536 42-RobotXSpark2-42_0 submitted to task queue
INFO 2018-01-19 03:33:07,240 TaskDetect 6489 140596810389248 41-RobotXSpark3-41_0 submitted to task queue
INFO 2018-01-19 03:38:57,222 TaskDetect 6489 140596810389248 50-FeatureCombine4-50_0 submitted to task queue
INFO 2018-01-19 03:45:02,244 TaskDetect 6489 140596425520896 49-FeatureCombine5-49_0 submitted to task queue
INFO 2018-01-19 03:52:02,277 TaskDetect 6489 140596404541184 41-FeatureCombine4-41_0 submitted to task queue
INFO 2018-01-19 03:54:07,244 TaskDetect 6489 140596833584896 48-FeatureCombine4-48_0 submitted to task queue
INFO 2018-01-19 03:57:32,224 TaskDetect 6489 140596425520896 45-FeatureCombine4-45_0 submitted to task queue
INFO 2018-01-19 04:00:02,230 TaskDetect 6489 140596425520896 42-FeatureCombine3-42_0 submitted to task queue
INFO 2018-01-19 04:05:02,234 TaskDetect 6489 140596425520896 41-AtomLearn5-41_0 submitted to task queue
INFO 2018-01-19 04:06:52,264 TaskDetect 6489 140596799899392 43-FeatureCombine3-43_0 submitted to task queue
INFO 2018-01-19 04:08:52,332 TaskDetect 6489 140596394051328 44-FeatureCombine4-44_1 submitted to task queue
INFO 2018-01-19 04:12:22,703 TaskDetect 6489 140596778919680 50-AtomLearn5-50_0 submitted to task queue
INFO 2018-01-19 04:14:52,285 TaskDetect 6489 140596778919680 42-AtomLearn5-42_0 submitted to task queue
INFO 2018-01-19 04:15:37,291 TaskDetect 6489 140596810389248 48-AtomLearn5-48_0 submitted to task queue
INFO 2018-01-19 04:20:52,227 TaskDetect 6489 140596425520896 43-AtomLearn5-43_0 submitted to task queue
INFO 2018-01-19 04:22:22,233 TaskDetect 6489 140596778919680 49-AtomLearn6-49_0 submitted to task queue
INFO 2018-01-19 04:23:52,246 TaskDetect 6489 140596394051328 44-AtomLearn5-44_1 submitted to task queue
INFO 2018-01-19 04:25:02,282 TaskDetect 6489 140596425520896 45-AtomLearn5-45_0 submitted to task queue
INFO 2018-01-19 04:30:32,307 TaskDetect 6489 140596394051328 45-AtomAct6-45_0 submitted to task queue
INFO 2018-01-19 04:35:42,232 TaskDetect 6489 140596778919680 44-AtomAct6-44_1 submitted to task queue
INFO 2018-01-19 04:37:57,278 TaskDetect 6489 140596789409536 45-AtomTest7-45_0 submitted to task queue
INFO 2018-01-19 04:44:27,240 TaskDetect 6489 140596820879104 44-AtomTest7-44_1 submitted to task queue
INFO 2018-01-19 05:52:57,310 TaskDetect 6489 140596789409536 53-FeatureCombine8-53_0 submitted to task queue
INFO 2018-01-19 05:58:32,430 TaskDetect 6489 140596799899392 47-FeatureCombine4-47_0 submitted to task queue
INFO 2018-01-19 06:03:37,229 TaskDetect 6489 140596820879104 47-AtomLearn5-47_0 submitted to task queue
INFO 2018-01-19 06:06:47,291 TaskDetect 6489 140596415031040 46-FeatureCombine4-46_0 submitted to task queue
INFO 2018-01-19 06:19:07,372 TaskDetect 6489 140596833584896 46-AtomLearn5-46_0 submitted to task queue
INFO 2018-01-19 17:28:32,251 TaskDetect 6489 140596799899392 53-FeatureCombine8-53_1 submitted to task queue
INFO 2018-01-19 17:39:37,236 TaskDetect 6489 140596789409536 54-RobotXSpark7-54_0 submitted to task queue
INFO 2018-01-19 17:41:12,241 TaskDetect 6489 140596404541184 17-RobotXSpark1-17_6 submitted to task queue
INFO 2018-01-19 17:55:37,234 TaskDetect 6489 140596810389248 17-FeatureCombine8-17_7 submitted to task queue
INFO 2018-01-19 18:03:52,241 TaskDetect 6489 140596394051328 53-FeatureCombine8-53_2 submitted to task queue
INFO 2018-01-19 18:04:37,302 TaskDetect 6489 140596789409536 50-RobotXSpark3-50_1 submitted to task queue
INFO 2018-01-19 18:04:52,229 TaskDetect 6489 140596778919680 49-RobotXSpark4-49_1 submitted to task queue
INFO 2018-01-19 18:08:42,240 TaskDetect 6489 140596404541184 54-RobotXSpark13-54_1 submitted to task queue
INFO 2018-01-19 18:10:37,279 TaskDetect 6489 140596810389248 54-RobotXSpark13-54_2 submitted to task queue
INFO 2018-01-19 18:10:47,338 TaskDetect 6489 140596833584896 53-RobotXSpark7-53_3 submitted to task queue
INFO 2018-01-19 18:10:57,292 TaskDetect 6489 140596415031040 50-RobotXSpark3-50_3 submitted to task queue
INFO 2018-01-19 18:11:07,262 TaskDetect 6489 140596820879104 49-RobotXSpark4-49_2 submitted to task queue
INFO 2018-01-19 18:11:19,464 TaskDetect 6489 140596789409536 48-RobotXSpark3-48_1 submitted to task queue
INFO 2018-01-19 18:11:27,275 TaskDetect 6489 140596810389248 47-RobotXSpark3-47_1 submitted to task queue
INFO 2018-01-19 18:11:32,244 TaskDetect 6489 140596778919680 46-RobotXSpark3-46_1 submitted to task queue
INFO 2018-01-19 18:11:37,237 TaskDetect 6489 140596833584896 45-RobotXSpark3-45_1 submitted to task queue
INFO 2018-01-19 18:11:42,305 TaskDetect 6489 140596425520896 44-RobotXSpark3-44_2 submitted to task queue
INFO 2018-01-19 18:11:47,317 TaskDetect 6489 140596415031040 43-RobotXSpark4-43_1 submitted to task queue
INFO 2018-01-19 18:11:57,244 TaskDetect 6489 140596820879104 42-RobotXSpark2-42_1 submitted to task queue
INFO 2018-01-19 18:12:07,230 TaskDetect 6489 140596789409536 41-RobotXSpark3-41_1 submitted to task queue
INFO 2018-01-19 18:20:37,228 TaskDetect 6489 140596810389248 44-FeatureCombine4-44_2 submitted to task queue
INFO 2018-01-19 18:21:52,229 TaskDetect 6489 140596799899392 49-FeatureCombine5-49_2 submitted to task queue
INFO 2018-01-19 18:24:22,230 TaskDetect 6489 140596799899392 41-FeatureCombine4-41_1 submitted to task queue
INFO 2018-01-19 18:26:22,280 TaskDetect 6489 140596394051328 48-FeatureCombine4-48_1 submitted to task queue
INFO 2018-01-19 18:31:32,264 TaskDetect 6489 140596778919680 43-FeatureCombine3-43_1 submitted to task queue
INFO 2018-01-19 18:33:52,283 TaskDetect 6489 140596394051328 44-AtomLearn5-44_2 submitted to task queue
INFO 2018-01-19 18:37:37,232 TaskDetect 6489 140596415031040 50-FeatureCombine4-50_3 submitted to task queue
INFO 2018-01-19 18:41:57,238 TaskDetect 6489 140596820879104 54-RobotXSpark13-54_3 submitted to task queue
INFO 2018-01-19 18:42:07,240 TaskDetect 6489 140596789409536 41-AtomLearn5-41_1 submitted to task queue
INFO 2018-01-19 18:44:02,271 TaskDetect 6489 140596778919680 49-AtomLearn6-49_2 submitted to task queue
INFO 2018-01-19 18:46:52,235 TaskDetect 6489 140596799899392 48-AtomLearn5-48_1 submitted to task queue
INFO 2018-01-19 18:49:07,309 TaskDetect 6489 140596833584896 47-FeatureCombine4-47_1 submitted to task queue
INFO 2018-01-19 18:52:32,263 TaskDetect 6489 140596425520896 43-AtomLearn5-43_1 submitted to task queue
INFO 2018-01-19 18:54:07,294 TaskDetect 6489 140596833584896 44-AtomAct6-44_2 submitted to task queue
INFO 2018-01-19 18:57:22,233 TaskDetect 6489 140596778919680 54-FeatureCombine14-54_3 submitted to task queue
INFO 2018-01-19 18:58:47,229 TaskDetect 6489 140596789409536 45-FeatureCombine4-45_1 submitted to task queue
INFO 2018-01-19 19:04:12,269 TaskDetect 6489 140596425520896 50-AtomLearn5-50_3 submitted to task queue
INFO 2018-01-19 19:07:17,303 TaskDetect 6489 140596810389248 45-AtomLearn5-45_1 submitted to task queue
INFO 2018-01-19 19:08:22,247 TaskDetect 6489 140596425520896 48-AtomAct6-48_1 submitted to task queue
INFO 2018-01-19 19:11:47,252 TaskDetect 6489 140596415031040 55-RobotXSpark52-55_0 submitted to task queue
INFO 2018-01-19 19:11:47,286 TaskDetect 6489 140596415031040 55-RobotXSpark57-55_0 submitted to task queue
INFO 2018-01-19 19:11:47,419 TaskDetect 6489 140596415031040 55-RobotXSpark51-55_0 submitted to task queue
INFO 2018-01-19 19:15:52,238 TaskDetect 6489 140596425520896 47-AtomLearn5-47_1 submitted to task queue
INFO 2018-01-19 19:20:02,280 TaskDetect 6489 140596425520896 55-FeatureCombine67-55_0 submitted to task queue
INFO 2018-01-19 19:22:02,272 TaskDetect 6489 140596404541184 55-FeatureCombine62-55_0 submitted to task queue
INFO 2018-01-19 19:24:57,250 TaskDetect 6489 140596833584896 45-AtomAct6-45_1 submitted to task queue
INFO 2018-01-19 19:25:22,239 TaskDetect 6489 140596404541184 55-FeatureCombine58-55_0 submitted to task queue
INFO 2018-01-19 19:28:52,291 TaskDetect 6489 140596394051328 45-AtomTest7-45_1 submitted to task queue
INFO 2018-01-19 19:53:37,229 TaskDetect 6489 140596820879104 54-RobotXSpark13-54_4 submitted to task queue
INFO 2018-01-19 20:00:17,243 TaskDetect 6489 140596820879104 54-FeatureCombine14-54_4 submitted to task queue
INFO 2018-01-19 20:05:07,301 TaskDetect 6489 140596415031040 54-AtomLearn16-54_4 submitted to task queue
INFO 2018-01-19 20:16:57,240 TaskDetect 6489 140596820879104 54-AtomAct18-54_5 submitted to task queue
INFO 2018-01-19 20:44:57,385 TaskDetect 6489 140596833584896 53-FeatureCombine8-53_3 submitted to task queue
INFO 2018-01-19 20:51:47,329 TaskDetect 6489 140596415031040 46-FeatureCombine4-46_1 submitted to task queue
INFO 2018-01-19 20:56:47,239 TaskDetect 6489 140596415031040 46-AtomLearn5-46_1 submitted to task queue
INFO 2018-01-19 20:57:47,243 TaskDetect 6489 140596820879104 54-AtomTest19-54_6 submitted to task queue
INFO 2018-01-19 20:59:57,220 TaskDetect 6489 140596833584896 42-FeatureCombine3-42_1 submitted to task queue
INFO 2018-01-19 21:05:47,297 TaskDetect 6489 140596833584896 42-AtomLearn5-42_1 submitted to task queue
INFO 2018-01-19 21:07:07,442 TaskDetect 6489 140596789409536 44-AtomTest7-44_2 submitted to task queue
INFO 2018-01-19 21:10:32,281 TaskDetect 6489 140596394051328 48-AtomTest7-48_1 submitted to task queue
INFO 2018-01-19 21:43:42,244 TaskDetect 6489 140596404541184 50-RobotXSpark3-50_4 submitted to task queue
INFO 2018-01-19 21:47:22,319 TaskDetect 6489 140596778919680 53-RobotXSpark7-53_4 submitted to task queue
INFO 2018-01-19 21:48:47,230 TaskDetect 6489 140596789409536 50-FeatureCombine4-50_4 submitted to task queue
INFO 2018-01-19 22:07:17,246 TaskDetect 6489 140596810389248 41-AtomLearn5-41_2 submitted to task queue
INFO 2018-01-19 22:18:07,333 TaskDetect 6489 140596810389248 54-RobotXSpark13-54_7 submitted to task queue
INFO 2018-01-19 22:26:12,247 TaskDetect 6489 140596404541184 41-AtomLearn5-41_3 submitted to task queue
INFO 2018-01-19 22:31:27,244 TaskDetect 6489 140596810389248 41-AtomLearn5-41_4 submitted to task queue
INFO 2018-01-19 23:07:02,238 TaskDetect 6489 140596404541184 41-AtomLearn5-41_5 submitted to task queue
INFO 2018-01-19 23:24:57,339 TaskDetect 6489 140596833584896 59-RobotXSpark2-59_0 submitted to task queue
INFO 2018-01-19 23:37:32,248 TaskDetect 6489 140596425520896 60-RobotXSpark4-60_0 submitted to task queue
INFO 2018-01-19 23:56:07,252 TaskDetect 6489 140596820879104 53-FeatureCombine8-53_4 submitted to task queue
INFO 2018-01-20 00:00:47,278 TaskDetect 6489 140596833584896 50-AtomLearn5-50_4 submitted to task queue
INFO 2018-01-20 00:59:47,259 TaskDetect 6489 140596810389248 60-RobotXSpark4-60_1 submitted to task queue
INFO 2018-01-20 01:00:32,238 TaskDetect 6489 140596394051328 53-FeatureCombine8-53_5 submitted to task queue
INFO 2018-01-23 01:02:57,232 TaskDetect 6489 140596789409536 41-AtomLearn5-41_6 submitted to task queue
INFO 2018-01-23 17:18:22,242 TaskDetect 6489 140596425520896 41-AtomLearn5-41_7 submitted to task queue
INFO 2018-01-23 17:42:52,243 TaskDetect 6489 140596404541184 41-AtomLearn5-41_8 submitted to task queue
